
> Taman Kehati Frontend Development@0.1.0 dev
> next dev

 ⚠ Invalid next.config.js options detected: 
 ⚠     Unrecognized key(s) in object: 'swcMinify'
 ⚠ See more info here: https://nextjs.org/docs/messages/invalid-next-config
 ⚠ Port 3000 is in use by process 71883, using available port 3001 instead.
node:os:217
  const data = getInterfaceAddresses();
               ^

NodeError [SystemError]: A system error occurred: uv_interface_addresses returned Unknown system error 1 (Unknown system error 1)
    at Object.networkInterfaces (node:os:217:16)
    at getNetworkHosts (/Users/irgyaarnezzi/Desktop/tamankehati_new/apps/frontend/node_modules/next/dist/lib/get-network-host.js:18:36)
    at getNetworkHost (/Users/irgyaarnezzi/Desktop/tamankehati_new/apps/frontend/node_modules/next/dist/lib/get-network-host.js:40:19)
    at Server.<anonymous> (/Users/irgyaarnezzi/Desktop/tamankehati_new/apps/frontend/node_modules/next/dist/server/lib/start-server.js:291:84) {
  code: 'ERR_SYSTEM_ERROR',
  info: {
    errno: 1,
    code: 'Unknown system error 1',
    message: 'Unknown system error 1',
    syscall: 'uv_interface_addresses'
  },
  errno: [Getter/Setter],
  syscall: [Getter/Setter]
}

Node.js v22.19.0
[?25h
